  Battery.cpp
C:\Users\hirasawa.yugo\Desktop\C++\TankAndBattery\Battery.cpp(55,9): warning C4477: 'printf' : 書式文字列 '%0.2f' には、型 'double' の引数が必要ですが、可変個引数 1 は型 '_Ty' です
          with
          [
              _Ty=Vector2D
          ]
C:\Users\hirasawa.yugo\Desktop\C++\TankAndBattery\Battery.cpp(55,9): warning C4477: 'printf' : 書式文字列 '%0.2f' には、型 'double' の引数が必要ですが、可変個引数 2 は型 '_Ty' です
          with
          [
              _Ty=Vector2D
          ]
C:\Users\hirasawa.yugo\Desktop\C++\TankAndBattery\Battery.cpp(55,9): warning C4473: 'printf': 書式文字列として渡された引数が不足しています
C:\Users\hirasawa.yugo\Desktop\C++\TankAndBattery\Battery.cpp(55,9): message : プレースホルダーとそのパラメーターには 4 の可変個引数が必要ですが、2 が指定されています。
C:\Users\hirasawa.yugo\Desktop\C++\TankAndBattery\Battery.cpp(55,9): message : 不足している可変個引数 3 が書式文字列 '%0.2f' に必要です
C:\Users\hirasawa.yugo\Desktop\C++\TankAndBattery\Battery.cpp(56,9): warning C4477: 'printf' : 書式文字列 '%0.2f' には、型 'double' の引数が必要ですが、可変個引数 1 は型 '_Ty' です
          with
          [
              _Ty=Vector2D
          ]
C:\Users\hirasawa.yugo\Desktop\C++\TankAndBattery\Battery.cpp(56,9): warning C4477: 'printf' : 書式文字列 '%0.2f' には、型 'double' の引数が必要ですが、可変個引数 2 は型 '_Ty' です
          with
          [
              _Ty=Vector2D
          ]
C:\Users\hirasawa.yugo\Desktop\C++\TankAndBattery\Battery.cpp(56,9): warning C4473: 'printf': 書式文字列として渡された引数が不足しています
C:\Users\hirasawa.yugo\Desktop\C++\TankAndBattery\Battery.cpp(56,9): message : プレースホルダーとそのパラメーターには 4 の可変個引数が必要ですが、2 が指定されています。
C:\Users\hirasawa.yugo\Desktop\C++\TankAndBattery\Battery.cpp(56,9): message : 不足している可変個引数 3 が書式文字列 '%0.2f' に必要です
  Tank.cpp
  main.cpp
C:\Users\hirasawa.yugo\Desktop\C++\TankAndBattery\main.cpp(9,13): warning C4326: 'main' の戻り値の型には、'int' を使用してください。'void' は使用できません
  コードを生成中...
  TankAndBattery.vcxproj -> C:\Users\hirasawa.yugo\Desktop\C++\TankAndBattery\Debug\TankAndBattery.exe
